This is pdfTeX, Version 3.141592653-2.6-1.40.22 (TeX Live 2021/Arch Linux) (preloaded format=pdflatex 2021.9.29)  18 OCT 2021 19:46
entering extended mode
 restricted \write18 enabled.
 %&-line parsing enabled.
**Instalacion.tex
(./Instalacion.tex
LaTeX2e <2020-10-01> patch level 4
L3 programming layer <2021-02-18>
(/usr/share/texmf-dist/tex/latex/beamer/beamer.cls
Document Class: beamer 2021/03/19 v3.62 A class for typesetting presentations
(/usr/share/texmf-dist/tex/latex/beamer/beamerbasemodes.sty
(/usr/share/texmf-dist/tex/latex/etoolbox/etoolbox.sty
Package: etoolbox 2020/10/05 v2.5k e-TeX tools for LaTeX (JAW)
\etb@tempcnta=\count179
)
\beamer@tempbox=\box47
\beamer@tempcount=\count180
\c@beamerpauses=\count181

(/usr/share/texmf-dist/tex/latex/beamer/beamerbasedecode.sty
\beamer@slideinframe=\count182
\beamer@minimum=\count183
\beamer@decode@box=\box48
)
\beamer@commentbox=\box49
\beamer@modecount=\count184
)
(/usr/share/texmf-dist/tex/generic/iftex/ifpdf.sty
Package: ifpdf 2019/10/25 v3.4 ifpdf legacy package. Use iftex instead.

(/usr/share/texmf-dist/tex/generic/iftex/iftex.sty
Package: iftex 2020/03/06 v1.0d TeX engine tests
))
\headdp=\dimen138
\footheight=\dimen139
\sidebarheight=\dimen140
\beamer@tempdim=\dimen141
\beamer@finalheight=\dimen142
\beamer@animht=\dimen143
\beamer@animdp=\dimen144
\beamer@animwd=\dimen145
\beamer@leftmargin=\dimen146
\beamer@rightmargin=\dimen147
\beamer@leftsidebar=\dimen148
\beamer@rightsidebar=\dimen149
\beamer@boxsize=\dimen150
\beamer@vboxoffset=\dimen151
\beamer@descdefault=\dimen152
\beamer@descriptionwidth=\dimen153
\beamer@lastskip=\skip47
\beamer@areabox=\box50
\beamer@animcurrent=\box51
\beamer@animshowbox=\box52
\beamer@sectionbox=\box53
\beamer@logobox=\box54
\beamer@linebox=\box55
\beamer@sectioncount=\count185
\beamer@subsubsectionmax=\count186
\beamer@subsectionmax=\count187
\beamer@sectionmax=\count188
\beamer@totalheads=\count189
\beamer@headcounter=\count190
\beamer@partstartpage=\count191
\beamer@sectionstartpage=\count192
\beamer@subsectionstartpage=\count193
\beamer@animationtempa=\count194
\beamer@animationtempb=\count195
\beamer@xpos=\count196
\beamer@ypos=\count197
\beamer@ypos@offset=\count198
\beamer@showpartnumber=\count199
\beamer@currentsubsection=\count266
\beamer@coveringdepth=\count267
\beamer@sectionadjust=\count268
\beamer@tocsectionnumber=\count269

(/usr/share/texmf-dist/tex/latex/beamer/beamerbaseoptions.sty
(/usr/share/texmf-dist/tex/latex/graphics/keyval.sty
Package: keyval 2014/10/28 v1.15 key=value parser (DPC)
\KV@toks@=\toks15
))
\beamer@paperwidth=\skip48
\beamer@paperheight=\skip49

(/usr/share/texmf-dist/tex/latex/geometry/geometry.sty
Package: geometry 2020/01/02 v5.9 Page Geometry

(/usr/share/texmf-dist/tex/generic/iftex/ifvtex.sty
Package: ifvtex 2019/10/25 v1.7 ifvtex legacy package. Use iftex instead.
)
\Gm@cnth=\count270
\Gm@cntv=\count271
\c@Gm@tempcnt=\count272
\Gm@bindingoffset=\dimen154
\Gm@wd@mp=\dimen155
\Gm@odd@mp=\dimen156
\Gm@even@mp=\dimen157
\Gm@layoutwidth=\dimen158
\Gm@layoutheight=\dimen159
\Gm@layouthoffset=\dimen160
\Gm@layoutvoffset=\dimen161
\Gm@dimlist=\toks16
)
(/usr/share/texmf-dist/tex/latex/base/size11.clo
File: size11.clo 2020/04/10 v1.4m Standard LaTeX file (size option)
)
(/usr/share/texmf-dist/tex/latex/pgf/basiclayer/pgfcore.sty
(/usr/share/texmf-dist/tex/latex/graphics/graphicx.sty
Package: graphicx 2020/09/09 v1.2b Enhanced LaTeX Graphics (DPC,SPQR)

(/usr/share/texmf-dist/tex/latex/graphics/graphics.sty
Package: graphics 2020/08/30 v1.4c Standard LaTeX Graphics (DPC,SPQR)

(/usr/share/texmf-dist/tex/latex/graphics/trig.sty
Package: trig 2016/01/03 v1.10 sin cos tan (DPC)
)
(/usr/share/texmf-dist/tex/latex/graphics-cfg/graphics.cfg
File: graphics.cfg 2016/06/04 v1.11 sample graphics configuration
)
Package graphics Info: Driver file: pdftex.def on input line 105.

(/usr/share/texmf-dist/tex/latex/graphics-def/pdftex.def
File: pdftex.def 2020/10/05 v1.2a Graphics/color driver for pdftex
))
\Gin@req@height=\dimen162
\Gin@req@width=\dimen163
)
(/usr/share/texmf-dist/tex/latex/pgf/systemlayer/pgfsys.sty
(/usr/share/texmf-dist/tex/latex/pgf/utilities/pgfrcs.sty
(/usr/share/texmf-dist/tex/generic/pgf/utilities/pgfutil-common.tex
\pgfutil@everybye=\toks17
\pgfutil@tempdima=\dimen164
\pgfutil@tempdimb=\dimen165

(/usr/share/texmf-dist/tex/generic/pgf/utilities/pgfutil-common-lists.tex))
(/usr/share/texmf-dist/tex/generic/pgf/utilities/pgfutil-latex.def
\pgfutil@abb=\box56
)
(/usr/share/texmf-dist/tex/generic/pgf/utilities/pgfrcs.code.tex
(/usr/share/texmf-dist/tex/generic/pgf/pgf.revision.tex)
Package: pgfrcs 2020/12/27 v3.1.8b (3.1.8b)
))
(/usr/share/texmf-dist/tex/generic/pgf/systemlayer/pgfsys.code.tex
Package: pgfsys 2020/12/27 v3.1.8b (3.1.8b)

(/usr/share/texmf-dist/tex/generic/pgf/utilities/pgfkeys.code.tex
\pgfkeys@pathtoks=\toks18
\pgfkeys@temptoks=\toks19

(/usr/share/texmf-dist/tex/generic/pgf/utilities/pgfkeysfiltered.code.tex
\pgfkeys@tmptoks=\toks20
))
\pgf@x=\dimen166
\pgf@y=\dimen167
\pgf@xa=\dimen168
\pgf@ya=\dimen169
\pgf@xb=\dimen170
\pgf@yb=\dimen171
\pgf@xc=\dimen172
\pgf@yc=\dimen173
\pgf@xd=\dimen174
\pgf@yd=\dimen175
\w@pgf@writea=\write3
\r@pgf@reada=\read2
\c@pgf@counta=\count273
\c@pgf@countb=\count274
\c@pgf@countc=\count275
\c@pgf@countd=\count276
\t@pgf@toka=\toks21
\t@pgf@tokb=\toks22
\t@pgf@tokc=\toks23
\pgf@sys@id@count=\count277

(/usr/share/texmf-dist/tex/generic/pgf/systemlayer/pgf.cfg
File: pgf.cfg 2020/12/27 v3.1.8b (3.1.8b)
)
Driver file for pgf: pgfsys-pdftex.def

(/usr/share/texmf-dist/tex/generic/pgf/systemlayer/pgfsys-pdftex.def
File: pgfsys-pdftex.def 2020/12/27 v3.1.8b (3.1.8b)

(/usr/share/texmf-dist/tex/generic/pgf/systemlayer/pgfsys-common-pdf.def
File: pgfsys-common-pdf.def 2020/12/27 v3.1.8b (3.1.8b)
)))
(/usr/share/texmf-dist/tex/generic/pgf/systemlayer/pgfsyssoftpath.code.tex
File: pgfsyssoftpath.code.tex 2020/12/27 v3.1.8b (3.1.8b)
\pgfsyssoftpath@smallbuffer@items=\count278
\pgfsyssoftpath@bigbuffer@items=\count279
)
(/usr/share/texmf-dist/tex/generic/pgf/systemlayer/pgfsysprotocol.code.tex
File: pgfsysprotocol.code.tex 2020/12/27 v3.1.8b (3.1.8b)
))
(/usr/share/texmf-dist/tex/latex/xcolor/xcolor.sty
Package: xcolor 2016/05/11 v2.12 LaTeX color extensions (UK)

(/usr/share/texmf-dist/tex/latex/graphics-cfg/color.cfg
File: color.cfg 2016/01/02 v1.6 sample color configuration
)
Package xcolor Info: Driver file: pdftex.def on input line 225.
Package xcolor Info: Model `cmy' substituted by `cmy0' on input line 1348.
Package xcolor Info: Model `hsb' substituted by `rgb' on input line 1352.
Package xcolor Info: Model `RGB' extended on input line 1364.
Package xcolor Info: Model `HTML' substituted by `rgb' on input line 1366.
Package xcolor Info: Model `Hsb' substituted by `hsb' on input line 1367.
Package xcolor Info: Model `tHsb' substituted by `hsb' on input line 1368.
Package xcolor Info: Model `HSB' substituted by `hsb' on input line 1369.
Package xcolor Info: Model `Gray' substituted by `gray' on input line 1370.
Package xcolor Info: Model `wave' substituted by `hsb' on input line 1371.
)
(/usr/share/texmf-dist/tex/generic/pgf/basiclayer/pgfcore.code.tex
Package: pgfcore 2020/12/27 v3.1.8b (3.1.8b)

(/usr/share/texmf-dist/tex/generic/pgf/math/pgfmath.code.tex
(/usr/share/texmf-dist/tex/generic/pgf/math/pgfmathcalc.code.tex
(/usr/share/texmf-dist/tex/generic/pgf/math/pgfmathutil.code.tex)
(/usr/share/texmf-dist/tex/generic/pgf/math/pgfmathparser.code.tex
\pgfmath@dimen=\dimen176
\pgfmath@count=\count280
\pgfmath@box=\box57
\pgfmath@toks=\toks24
\pgfmath@stack@operand=\toks25
\pgfmath@stack@operation=\toks26
)
(/usr/share/texmf-dist/tex/generic/pgf/math/pgfmathfunctions.code.tex
(/usr/share/texmf-dist/tex/generic/pgf/math/pgfmathfunctions.basic.code.tex)
(/usr/share/texmf-dist/tex/generic/pgf/math/pgfmathfunctions.trigonometric.code
.tex)
(/usr/share/texmf-dist/tex/generic/pgf/math/pgfmathfunctions.random.code.tex)
(/usr/share/texmf-dist/tex/generic/pgf/math/pgfmathfunctions.comparison.code.te
x) (/usr/share/texmf-dist/tex/generic/pgf/math/pgfmathfunctions.base.code.tex)
(/usr/share/texmf-dist/tex/generic/pgf/math/pgfmathfunctions.round.code.tex)
(/usr/share/texmf-dist/tex/generic/pgf/math/pgfmathfunctions.misc.code.tex)
(/usr/share/texmf-dist/tex/generic/pgf/math/pgfmathfunctions.integerarithmetics
.code.tex))) (/usr/share/texmf-dist/tex/generic/pgf/math/pgfmathfloat.code.tex
\c@pgfmathroundto@lastzeros=\count281
)) (/usr/share/texmf-dist/tex/generic/pgf/math/pgfint.code.tex)
(/usr/share/texmf-dist/tex/generic/pgf/basiclayer/pgfcorepoints.code.tex
File: pgfcorepoints.code.tex 2020/12/27 v3.1.8b (3.1.8b)
\pgf@picminx=\dimen177
\pgf@picmaxx=\dimen178
\pgf@picminy=\dimen179
\pgf@picmaxy=\dimen180
\pgf@pathminx=\dimen181
\pgf@pathmaxx=\dimen182
\pgf@pathminy=\dimen183
\pgf@pathmaxy=\dimen184
\pgf@xx=\dimen185
\pgf@xy=\dimen186
\pgf@yx=\dimen187
\pgf@yy=\dimen188
\pgf@zx=\dimen189
\pgf@zy=\dimen190
)
(/usr/share/texmf-dist/tex/generic/pgf/basiclayer/pgfcorepathconstruct.code.tex
File: pgfcorepathconstruct.code.tex 2020/12/27 v3.1.8b (3.1.8b)
\pgf@path@lastx=\dimen191
\pgf@path@lasty=\dimen192
) (/usr/share/texmf-dist/tex/generic/pgf/basiclayer/pgfcorepathusage.code.tex
File: pgfcorepathusage.code.tex 2020/12/27 v3.1.8b (3.1.8b)
\pgf@shorten@end@additional=\dimen193
\pgf@shorten@start@additional=\dimen194
)
(/usr/share/texmf-dist/tex/generic/pgf/basiclayer/pgfcorescopes.code.tex
File: pgfcorescopes.code.tex 2020/12/27 v3.1.8b (3.1.8b)
\pgfpic=\box58
\pgf@hbox=\box59
\pgf@layerbox@main=\box60
\pgf@picture@serial@count=\count282
)
(/usr/share/texmf-dist/tex/generic/pgf/basiclayer/pgfcoregraphicstate.code.tex
File: pgfcoregraphicstate.code.tex 2020/12/27 v3.1.8b (3.1.8b)
\pgflinewidth=\dimen195
)
(/usr/share/texmf-dist/tex/generic/pgf/basiclayer/pgfcoretransformations.code.t
ex
File: pgfcoretransformations.code.tex 2020/12/27 v3.1.8b (3.1.8b)
\pgf@pt@x=\dimen196
\pgf@pt@y=\dimen197
\pgf@pt@temp=\dimen198
) (/usr/share/texmf-dist/tex/generic/pgf/basiclayer/pgfcorequick.code.tex
File: pgfcorequick.code.tex 2020/12/27 v3.1.8b (3.1.8b)
)
(/usr/share/texmf-dist/tex/generic/pgf/basiclayer/pgfcoreobjects.code.tex
File: pgfcoreobjects.code.tex 2020/12/27 v3.1.8b (3.1.8b)
)
(/usr/share/texmf-dist/tex/generic/pgf/basiclayer/pgfcorepathprocessing.code.te
x
File: pgfcorepathprocessing.code.tex 2020/12/27 v3.1.8b (3.1.8b)
) (/usr/share/texmf-dist/tex/generic/pgf/basiclayer/pgfcorearrows.code.tex
File: pgfcorearrows.code.tex 2020/12/27 v3.1.8b (3.1.8b)
\pgfarrowsep=\dimen199
)
(/usr/share/texmf-dist/tex/generic/pgf/basiclayer/pgfcoreshade.code.tex
File: pgfcoreshade.code.tex 2020/12/27 v3.1.8b (3.1.8b)
\pgf@max=\dimen256
\pgf@sys@shading@range@num=\count283
\pgf@shadingcount=\count284
)
(/usr/share/texmf-dist/tex/generic/pgf/basiclayer/pgfcoreimage.code.tex
File: pgfcoreimage.code.tex 2020/12/27 v3.1.8b (3.1.8b)

(/usr/share/texmf-dist/tex/generic/pgf/basiclayer/pgfcoreexternal.code.tex
File: pgfcoreexternal.code.tex 2020/12/27 v3.1.8b (3.1.8b)
\pgfexternal@startupbox=\box61
))
(/usr/share/texmf-dist/tex/generic/pgf/basiclayer/pgfcorelayers.code.tex
File: pgfcorelayers.code.tex 2020/12/27 v3.1.8b (3.1.8b)
)
(/usr/share/texmf-dist/tex/generic/pgf/basiclayer/pgfcoretransparency.code.tex
File: pgfcoretransparency.code.tex 2020/12/27 v3.1.8b (3.1.8b)
) (/usr/share/texmf-dist/tex/generic/pgf/basiclayer/pgfcorepatterns.code.tex
File: pgfcorepatterns.code.tex 2020/12/27 v3.1.8b (3.1.8b)
)
(/usr/share/texmf-dist/tex/generic/pgf/basiclayer/pgfcorerdf.code.tex
File: pgfcorerdf.code.tex 2020/12/27 v3.1.8b (3.1.8b)
)))
(/usr/share/texmf-dist/tex/latex/pgf/utilities/xxcolor.sty
Package: xxcolor 2003/10/24 ver 0.1
\XC@nummixins=\count285
\XC@countmixins=\count286
)
(/usr/share/texmf-dist/tex/latex/base/atbegshi-ltx.sty
Package: atbegshi-ltx 2020/08/17 v1.0a Emulation of the original atbegshi packa
ge
with kernel methods
)
(/usr/share/texmf-dist/tex/latex/hyperref/hyperref.sty
Package: hyperref 2021-02-27 v7.00k Hypertext links for LaTeX

(/usr/share/texmf-dist/tex/generic/ltxcmds/ltxcmds.sty
Package: ltxcmds 2020-05-10 v1.25 LaTeX kernel commands for general use (HO)
)
(/usr/share/texmf-dist/tex/generic/pdftexcmds/pdftexcmds.sty
Package: pdftexcmds 2020-06-27 v0.33 Utility functions of pdfTeX for LuaTeX (HO
)

(/usr/share/texmf-dist/tex/generic/infwarerr/infwarerr.sty
Package: infwarerr 2019/12/03 v1.5 Providing info/warning/error messages (HO)
)
Package pdftexcmds Info: \pdf@primitive is available.
Package pdftexcmds Info: \pdf@ifprimitive is available.
Package pdftexcmds Info: \pdfdraftmode found.
)
(/usr/share/texmf-dist/tex/generic/kvsetkeys/kvsetkeys.sty
Package: kvsetkeys 2019/12/15 v1.18 Key value parser (HO)
)
(/usr/share/texmf-dist/tex/generic/kvdefinekeys/kvdefinekeys.sty
Package: kvdefinekeys 2019-12-19 v1.6 Define keys (HO)
)
(/usr/share/texmf-dist/tex/generic/pdfescape/pdfescape.sty
Package: pdfescape 2019/12/09 v1.15 Implements pdfTeX's escape features (HO)
)
(/usr/share/texmf-dist/tex/latex/hycolor/hycolor.sty
Package: hycolor 2020-01-27 v1.10 Color options for hyperref/bookmark (HO)
)
(/usr/share/texmf-dist/tex/latex/letltxmacro/letltxmacro.sty
Package: letltxmacro 2019/12/03 v1.6 Let assignment for LaTeX macros (HO)
)
(/usr/share/texmf-dist/tex/latex/auxhook/auxhook.sty
Package: auxhook 2019-12-17 v1.6 Hooks for auxiliary files (HO)
)
(/usr/share/texmf-dist/tex/latex/kvoptions/kvoptions.sty
Package: kvoptions 2020-10-07 v3.14 Key value format for package options (HO)
)
\@linkdim=\dimen257
\Hy@linkcounter=\count287
\Hy@pagecounter=\count288

(/usr/share/texmf-dist/tex/latex/hyperref/pd1enc.def
File: pd1enc.def 2021-02-27 v7.00k Hyperref: PDFDocEncoding definition (HO)
Now handling font encoding PD1 ...
... no UTF-8 mapping file for font encoding PD1
)
(/usr/share/texmf-dist/tex/latex/hyperref/hyperref-langpatches.def
File: hyperref-langpatches.def 2021-02-27 v7.00k Hyperref: patches for babel la
nguages
)
(/usr/share/texmf-dist/tex/generic/intcalc/intcalc.sty
Package: intcalc 2019/12/15 v1.3 Expandable calculations with integers (HO)
)
(/usr/share/texmf-dist/tex/generic/etexcmds/etexcmds.sty
Package: etexcmds 2019/12/15 v1.7 Avoid name clashes with e-TeX commands (HO)
)
\Hy@SavedSpaceFactor=\count289

(/usr/share/texmf-dist/tex/latex/hyperref/puenc.def
File: puenc.def 2021-02-27 v7.00k Hyperref: PDF Unicode definition (HO)
Now handling font encoding PU ...
... no UTF-8 mapping file for font encoding PU
)
Package hyperref Info: Option `bookmarks' set `true' on input line 4073.
Package hyperref Info: Option `bookmarksopen' set `true' on input line 4073.
Package hyperref Info: Option `implicit' set `false' on input line 4073.
Package hyperref Info: Hyper figures OFF on input line 4192.
Package hyperref Info: Link nesting OFF on input line 4197.
Package hyperref Info: Hyper index ON on input line 4200.
Package hyperref Info: Plain pages OFF on input line 4207.
Package hyperref Info: Backreferencing OFF on input line 4212.
Package hyperref Info: Implicit mode OFF; no redefinition of LaTeX internals.
Package hyperref Info: Bookmarks ON on input line 4445.
\c@Hy@tempcnt=\count290

(/usr/share/texmf-dist/tex/latex/url/url.sty
\Urlmuskip=\muskip16
Package: url 2013/09/16  ver 3.4  Verb mode for urls, etc.
)
LaTeX Info: Redefining \url on input line 4804.
\XeTeXLinkMargin=\dimen258

(/usr/share/texmf-dist/tex/generic/bitset/bitset.sty
Package: bitset 2019/12/09 v1.3 Handle bit-vector datatype (HO)

(/usr/share/texmf-dist/tex/generic/bigintcalc/bigintcalc.sty
Package: bigintcalc 2019/12/15 v1.5 Expandable calculations on big integers (HO
)
))
\Fld@menulength=\count291
\Field@Width=\dimen259
\Fld@charsize=\dimen260
Package hyperref Info: Hyper figures OFF on input line 6075.
Package hyperref Info: Link nesting OFF on input line 6080.
Package hyperref Info: Hyper index ON on input line 6083.
Package hyperref Info: backreferencing OFF on input line 6090.
Package hyperref Info: Link coloring OFF on input line 6095.
Package hyperref Info: Link coloring with OCG OFF on input line 6100.
Package hyperref Info: PDF/A mode OFF on input line 6105.
LaTeX Info: Redefining \ref on input line 6145.
LaTeX Info: Redefining \pageref on input line 6149.
\Hy@abspage=\count292


Package hyperref Message: Stopped early.

)
Package hyperref Info: Driver (autodetected): hpdftex.
 (/usr/share/texmf-dist/tex/latex/hyperref/hpdftex.def
File: hpdftex.def 2021-02-27 v7.00k Hyperref driver for pdfTeX

(/usr/share/texmf-dist/tex/latex/base/atveryend-ltx.sty
Package: atveryend-ltx 2020/08/19 v1.0a Emulation of the original atvery packag
e
with kernel methods
)
\Fld@listcount=\count293
\c@bookmark@seq@number=\count294

(/usr/share/texmf-dist/tex/latex/rerunfilecheck/rerunfilecheck.sty
Package: rerunfilecheck 2019/12/05 v1.9 Rerun checks for auxiliary files (HO)

(/usr/share/texmf-dist/tex/generic/uniquecounter/uniquecounter.sty
Package: uniquecounter 2019/12/15 v1.4 Provide unlimited unique counter (HO)
)
Package uniquecounter Info: New unique counter `rerunfilecheck' on input line 2
86.
))
(/usr/share/texmf-dist/tex/latex/beamer/beamerbaserequires.sty
(/usr/share/texmf-dist/tex/latex/beamer/beamerbasecompatibility.sty)
(/usr/share/texmf-dist/tex/latex/beamer/beamerbasefont.sty
(/usr/share/texmf-dist/tex/latex/amsfonts/amssymb.sty
Package: amssymb 2013/01/14 v3.01 AMS font symbols

(/usr/share/texmf-dist/tex/latex/amsfonts/amsfonts.sty
Package: amsfonts 2013/01/14 v3.01 Basic AMSFonts support
\@emptytoks=\toks27
\symAMSa=\mathgroup4
\symAMSb=\mathgroup5
LaTeX Font Info:    Redeclaring math symbol \hbar on input line 98.
LaTeX Font Info:    Overwriting math alphabet `\mathfrak' in version `bold'
(Font)                  U/euf/m/n --> U/euf/b/n on input line 106.
))
(/usr/share/texmf-dist/tex/latex/sansmathaccent/sansmathaccent.sty
Package: sansmathaccent 2020/01/31

(/usr/share/texmf-dist/tex/latex/koma-script/scrlfile.sty
Package: scrlfile 2021/03/17 v3.33 KOMA-Script package (file load hooks)

(/usr/share/texmf-dist/tex/latex/koma-script/scrlfile-hook.sty
Package: scrlfile-hook 2021/03/17 v3.33 KOMA-Script package (using LaTeX hooks)


LaTeX3 Info: Defining command \BeforeFile with sig. 'm' on line 61.


LaTeX3 Info: Defining command \AfterFile with sig. 'm' on line 65.


LaTeX3 Info: Defining command \BeforeClass with sig. 'm' on line 69.


LaTeX3 Info: Defining command \BeforePackage with sig. 'm' on line 73.


LaTeX3 Info: Defining command \AfterAtEndOfClass with sig. 'smo+m' on line 83.


LaTeX3 Info: Defining command \AfterAtEndOfPackage with sig. 'smo+m' on line
(LaTeX3)     93.


LaTeX3 Info: Defining command \scrlfile@AfterClass with sig. 'smo+m' on line
(LaTeX3)     173.


LaTeX3 Info: Defining command \AfterClass with sig. '' on line 174.


LaTeX3 Info: Defining command \scrlfile@AfterPackage with sig. 'smo+m' on line
(LaTeX3)     191.


LaTeX3 Info: Defining command \AfterPackage with sig. '' on line 192.


LaTeX3 Info: Defining command \ReplaceInput with sig. '' on line 193.


LaTeX3 Info: Defining command \ReplaceClass with sig. 'mm' on line 196.


LaTeX3 Info: Defining command \ReplacePackage with sig. 'mm' on line 199.


LaTeX3 Info: Defining command \UnReplaceInput with sig. '' on line 200.


LaTeX3 Info: Defining command \UnReplaceClass with sig. 'm' on line 203.


LaTeX3 Info: Defining command \UnReplacePackage with sig. 'mm' on line 206.


LaTeX3 Info: Defining command \PreventPackageFromLoading with sig. 's+om' on
(LaTeX3)     line 234.


LaTeX3 Info: Defining command \StorePreventPackageFromLoading with sig. 'm' on
(LaTeX3)     line 242.


LaTeX3 Info: Defining command \ResetPreventPackageFromLoading with sig. '' on
(LaTeX3)     line 247.


LaTeX3 Info: Defining command \UnPreventPackageFromLoading with sig. 'sm' on
(LaTeX3)     line 261.


LaTeX3 Info: Defining command \BeforeClosingMainAux with sig. 'om' on line
(LaTeX3)     274.


LaTeX3 Info: Defining command \AfterReadingMainAux with sig. 'om' on line 287.


LaTeX3 Info: Defining command \protected@immediate@write with sig. 'm+m+m' on
(LaTeX3)     line 298.


(/usr/share/texmf-dist/tex/latex/koma-script/scrlogo.sty
Package: scrlogo 2021/03/17 v3.33 KOMA-Script package (logo)
)))))
(/usr/share/texmf-dist/tex/latex/beamer/beamerbasetranslator.sty
(/usr/share/texmf-dist/tex/latex/translator/translator.sty
Package: translator 2020-08-03 v1.12c Easy translation of strings in LaTeX
))
(/usr/share/texmf-dist/tex/latex/beamer/beamerbasemisc.sty)
(/usr/share/texmf-dist/tex/latex/beamer/beamerbasetwoscreens.sty)
(/usr/share/texmf-dist/tex/latex/beamer/beamerbaseoverlay.sty
\beamer@argscount=\count295
\beamer@lastskipcover=\skip50
\beamer@trivlistdepth=\count296
)
(/usr/share/texmf-dist/tex/latex/beamer/beamerbasetitle.sty)
(/usr/share/texmf-dist/tex/latex/beamer/beamerbasesection.sty
\c@lecture=\count297
\c@part=\count298
\c@section=\count299
\c@subsection=\count300
\c@subsubsection=\count301
)
(/usr/share/texmf-dist/tex/latex/beamer/beamerbaseframe.sty
\beamer@framebox=\box62
\beamer@frametitlebox=\box63
\beamer@zoombox=\box64
\beamer@zoomcount=\count302
\beamer@zoomframecount=\count303
\beamer@frametextheight=\dimen261
\c@subsectionslide=\count304
\beamer@frametopskip=\skip51
\beamer@framebottomskip=\skip52
\beamer@frametopskipautobreak=\skip53
\beamer@framebottomskipautobreak=\skip54
\beamer@envbody=\toks28
\framewidth=\dimen262
\c@framenumber=\count305
)
(/usr/share/texmf-dist/tex/latex/beamer/beamerbaseverbatim.sty
\beamer@verbatimfileout=\write4
)
(/usr/share/texmf-dist/tex/latex/beamer/beamerbaseframesize.sty
\beamer@splitbox=\box65
\beamer@autobreakcount=\count306
\beamer@autobreaklastheight=\dimen263
\beamer@frametitletoks=\toks29
\beamer@framesubtitletoks=\toks30
)
(/usr/share/texmf-dist/tex/latex/beamer/beamerbaseframecomponents.sty
\beamer@footins=\box66
)
(/usr/share/texmf-dist/tex/latex/beamer/beamerbasecolor.sty)
(/usr/share/texmf-dist/tex/latex/beamer/beamerbasenotes.sty
\beamer@frameboxcopy=\box67
)
(/usr/share/texmf-dist/tex/latex/beamer/beamerbasetoc.sty)
(/usr/share/texmf-dist/tex/latex/beamer/beamerbasetemplates.sty
\beamer@sbttoks=\toks31

(/usr/share/texmf-dist/tex/latex/beamer/beamerbaseauxtemplates.sty
(/usr/share/texmf-dist/tex/latex/beamer/beamerbaseboxes.sty
\bmb@box=\box68
\bmb@colorbox=\box69
\bmb@boxwidth=\dimen264
\bmb@boxheight=\dimen265
\bmb@prevheight=\dimen266
\bmb@temp=\dimen267
\bmb@dima=\dimen268
\bmb@dimb=\dimen269
\bmb@prevheight=\dimen270
)
\beamer@blockheadheight=\dimen271
))
(/usr/share/texmf-dist/tex/latex/beamer/beamerbaselocalstructure.sty
(/usr/share/texmf-dist/tex/latex/tools/enumerate.sty
Package: enumerate 2015/07/23 v3.00 enumerate extensions (DPC)
\@enLab=\toks32
)
\beamer@bibiconwidth=\skip55
\c@figure=\count307
\c@table=\count308
\abovecaptionskip=\skip56
\belowcaptionskip=\skip57
)
(/usr/share/texmf-dist/tex/latex/beamer/beamerbasenavigation.sty
\beamer@section@min@dim=\dimen272
)
(/usr/share/texmf-dist/tex/latex/beamer/beamerbasetheorems.sty
(/usr/share/texmf-dist/tex/latex/amsmath/amsmath.sty
Package: amsmath 2020/09/23 v2.17i AMS math features
\@mathmargin=\skip58

For additional information on amsmath, use the `?' option.
(/usr/share/texmf-dist/tex/latex/amsmath/amstext.sty
Package: amstext 2000/06/29 v2.01 AMS text

(/usr/share/texmf-dist/tex/latex/amsmath/amsgen.sty
File: amsgen.sty 1999/11/30 v2.0 generic functions
\@emptytoks=\toks33
\ex@=\dimen273
))
(/usr/share/texmf-dist/tex/latex/amsmath/amsbsy.sty
Package: amsbsy 1999/11/29 v1.2d Bold Symbols
\pmbraise@=\dimen274
)
(/usr/share/texmf-dist/tex/latex/amsmath/amsopn.sty
Package: amsopn 2016/03/08 v2.02 operator names
)
\inf@bad=\count309
LaTeX Info: Redefining \frac on input line 234.
\uproot@=\count310
\leftroot@=\count311
LaTeX Info: Redefining \overline on input line 399.
\classnum@=\count312
\DOTSCASE@=\count313
LaTeX Info: Redefining \ldots on input line 496.
LaTeX Info: Redefining \dots on input line 499.
LaTeX Info: Redefining \cdots on input line 620.
\Mathstrutbox@=\box70
\strutbox@=\box71
\big@size=\dimen275
LaTeX Font Info:    Redeclaring font encoding OML on input line 743.
LaTeX Font Info:    Redeclaring font encoding OMS on input line 744.
\macc@depth=\count314
\c@MaxMatrixCols=\count315
\dotsspace@=\muskip17
\c@parentequation=\count316
\dspbrk@lvl=\count317
\tag@help=\toks34
\row@=\count318
\column@=\count319
\maxfields@=\count320
\andhelp@=\toks35
\eqnshift@=\dimen276
\alignsep@=\dimen277
\tagshift@=\dimen278
\tagwidth@=\dimen279
\totwidth@=\dimen280
\lineht@=\dimen281
\@envbody=\toks36
\multlinegap=\skip59
\multlinetaggap=\skip60
\mathdisplay@stack=\toks37
LaTeX Info: Redefining \[ on input line 2923.
LaTeX Info: Redefining \] on input line 2924.
)
(/usr/share/texmf-dist/tex/latex/amscls/amsthm.sty
Package: amsthm 2020/05/29 v2.20.6
\thm@style=\toks38
\thm@bodyfont=\toks39
\thm@headfont=\toks40
\thm@notefont=\toks41
\thm@headpunct=\toks42
\thm@preskip=\skip61
\thm@postskip=\skip62
\thm@headsep=\skip63
\dth@everypar=\toks43
)
\c@theorem=\count321
)
(/usr/share/texmf-dist/tex/latex/beamer/beamerbasethemes.sty))
(/usr/share/texmf-dist/tex/latex/beamer/beamerthemedefault.sty
(/usr/share/texmf-dist/tex/latex/beamer/beamerfontthemedefault.sty)
(/usr/share/texmf-dist/tex/latex/beamer/beamercolorthemedefault.sty)
(/usr/share/texmf-dist/tex/latex/beamer/beamerinnerthemedefault.sty
\beamer@dima=\dimen282
\beamer@dimb=\dimen283
)
(/usr/share/texmf-dist/tex/latex/beamer/beamerouterthemedefault.sty)))
(/usr/share/texmf-dist/tex/latex/pgf/frontendlayer/tikz.sty
(/usr/share/texmf-dist/tex/latex/pgf/basiclayer/pgf.sty
Package: pgf 2020/12/27 v3.1.8b (3.1.8b)

(/usr/share/texmf-dist/tex/generic/pgf/modules/pgfmoduleshapes.code.tex
File: pgfmoduleshapes.code.tex 2020/12/27 v3.1.8b (3.1.8b)
\pgfnodeparttextbox=\box72
)
(/usr/share/texmf-dist/tex/generic/pgf/modules/pgfmoduleplot.code.tex
File: pgfmoduleplot.code.tex 2020/12/27 v3.1.8b (3.1.8b)
)
(/usr/share/texmf-dist/tex/latex/pgf/compatibility/pgfcomp-version-0-65.sty
Package: pgfcomp-version-0-65 2020/12/27 v3.1.8b (3.1.8b)
\pgf@nodesepstart=\dimen284
\pgf@nodesepend=\dimen285
)
(/usr/share/texmf-dist/tex/latex/pgf/compatibility/pgfcomp-version-1-18.sty
Package: pgfcomp-version-1-18 2020/12/27 v3.1.8b (3.1.8b)
))
(/usr/share/texmf-dist/tex/latex/pgf/utilities/pgffor.sty
(/usr/share/texmf-dist/tex/latex/pgf/utilities/pgfkeys.sty
(/usr/share/texmf-dist/tex/generic/pgf/utilities/pgfkeys.code.tex))
(/usr/share/texmf-dist/tex/latex/pgf/math/pgfmath.sty
(/usr/share/texmf-dist/tex/generic/pgf/math/pgfmath.code.tex))
(/usr/share/texmf-dist/tex/generic/pgf/utilities/pgffor.code.tex
Package: pgffor 2020/12/27 v3.1.8b (3.1.8b)

(/usr/share/texmf-dist/tex/generic/pgf/math/pgfmath.code.tex)
\pgffor@iter=\dimen286
\pgffor@skip=\dimen287
\pgffor@stack=\toks44
\pgffor@toks=\toks45
))
(/usr/share/texmf-dist/tex/generic/pgf/frontendlayer/tikz/tikz.code.tex
Package: tikz 2020/12/27 v3.1.8b (3.1.8b)

(/usr/share/texmf-dist/tex/generic/pgf/libraries/pgflibraryplothandlers.code.te
x
File: pgflibraryplothandlers.code.tex 2020/12/27 v3.1.8b (3.1.8b)
\pgf@plot@mark@count=\count322
\pgfplotmarksize=\dimen288
)
\tikz@lastx=\dimen289
\tikz@lasty=\dimen290
\tikz@lastxsaved=\dimen291
\tikz@lastysaved=\dimen292
\tikz@lastmovetox=\dimen293
\tikz@lastmovetoy=\dimen294
\tikzleveldistance=\dimen295
\tikzsiblingdistance=\dimen296
\tikz@figbox=\box73
\tikz@figbox@bg=\box74
\tikz@tempbox=\box75
\tikz@tempbox@bg=\box76
\tikztreelevel=\count323
\tikznumberofchildren=\count324
\tikznumberofcurrentchild=\count325
\tikz@fig@count=\count326
 (/usr/share/texmf-dist/tex/generic/pgf/modules/pgfmodulematrix.code.tex
File: pgfmodulematrix.code.tex 2020/12/27 v3.1.8b (3.1.8b)
\pgfmatrixcurrentrow=\count327
\pgfmatrixcurrentcolumn=\count328
\pgf@matrix@numberofcolumns=\count329
)
\tikz@expandcount=\count330

(/usr/share/texmf-dist/tex/generic/pgf/frontendlayer/tikz/libraries/tikzlibrary
topaths.code.tex
File: tikzlibrarytopaths.code.tex 2020/12/27 v3.1.8b (3.1.8b)
))) (/usr/share/texmf-dist/tex/latex/base/inputenc.sty
Package: inputenc 2020/08/01 v1.3d Input encoding file
\inpenc@prehook=\toks46
\inpenc@posthook=\toks47
)
(/usr/share/texmf-dist/tex/latex/tools/multicol.sty
Package: multicol 2019/12/09 v1.8y multicolumn formatting (FMi)
\c@tracingmulticols=\count331
\mult@box=\box77
\multicol@leftmargin=\dimen297
\c@unbalance=\count332
\c@collectmore=\count333
\doublecol@number=\count334
\multicoltolerance=\count335
\multicolpretolerance=\count336
\full@width=\dimen298
\page@free=\dimen299
\premulticols=\dimen300
\postmulticols=\dimen301
\multicolsep=\skip64
\multicolbaselineskip=\skip65
\partial@page=\box78
\last@line=\box79
\maxbalancingoverflow=\dimen302
\mult@rightbox=\box80
\mult@grightbox=\box81
\mult@gfirstbox=\box82
\mult@firstbox=\box83
\@tempa=\box84
\@tempa=\box85
\@tempa=\box86
\@tempa=\box87
\@tempa=\box88
\@tempa=\box89
\@tempa=\box90
\@tempa=\box91
\@tempa=\box92
\@tempa=\box93
\@tempa=\box94
\@tempa=\box95
\@tempa=\box96
\@tempa=\box97
\@tempa=\box98
\@tempa=\box99
\@tempa=\box100
\@tempa=\box101
\@tempa=\box102
\@tempa=\box103
\@tempa=\box104
\@tempa=\box105
\@tempa=\box106
\@tempa=\box107
\@tempa=\box108
\@tempa=\box109
\@tempa=\box110
\@tempa=\box111
\@tempa=\box112
\@tempa=\box113
\@tempa=\box114
\@tempa=\box115
\@tempa=\box116
\@tempa=\box117
\@tempa=\box118
\@tempa=\box119
\@tempa=\box120
\c@minrows=\count337
\c@columnbadness=\count338
\c@finalcolumnbadness=\count339
\last@try=\dimen303
\multicolovershoot=\dimen304
\multicolundershoot=\dimen305
\mult@nat@firstbox=\box121
\colbreak@box=\box122
\mc@col@check@num=\count340
)
(/usr/share/texmf-dist/tex/latex/adjustbox/adjustbox.sty
Package: adjustbox 2020/08/19 v1.3 Adjusting TeX boxes (trim, clip, ...)

(/usr/share/texmf-dist/tex/latex/xkeyval/xkeyval.sty
Package: xkeyval 2020/11/20 v2.8 package option processing (HA)

(/usr/share/texmf-dist/tex/generic/xkeyval/xkeyval.tex
(/usr/share/texmf-dist/tex/generic/xkeyval/xkvutils.tex
\XKV@toks=\toks48
\XKV@tempa@toks=\toks49
)
\XKV@depth=\count341
File: xkeyval.tex 2014/12/03 v2.7a key=value parser (HA)
))
(/usr/share/texmf-dist/tex/latex/adjustbox/adjcalc.sty
Package: adjcalc 2012/05/16 v1.1 Provides advanced setlength with multiple back
-ends (calc, etex, pgfmath)
)
(/usr/share/texmf-dist/tex/latex/adjustbox/trimclip.sty
Package: trimclip 2020/08/19 v1.2 Trim and clip general TeX material

(/usr/share/texmf-dist/tex/latex/collectbox/collectbox.sty
Package: collectbox 2012/05/17 v0.4b Collect macro arguments as boxes
\collectedbox=\box123
)
\tc@llx=\dimen306
\tc@lly=\dimen307
\tc@urx=\dimen308
\tc@ury=\dimen309
Package trimclip Info: Using driver 'tc-pdftex.def'.

(/usr/share/texmf-dist/tex/latex/adjustbox/tc-pdftex.def
File: tc-pdftex.def 2019/01/04 v2.2 Clipping driver for pdftex
))
\adjbox@Width=\dimen310
\adjbox@Height=\dimen311
\adjbox@Depth=\dimen312
\adjbox@Totalheight=\dimen313
\adjbox@pwidth=\dimen314
\adjbox@pheight=\dimen315
\adjbox@pdepth=\dimen316
\adjbox@ptotalheight=\dimen317

(/usr/share/texmf-dist/tex/latex/ifoddpage/ifoddpage.sty
Package: ifoddpage 2016/04/23 v1.1 Conditionals for odd/even page detection
\c@checkoddpage=\count342
)
(/usr/share/texmf-dist/tex/latex/varwidth/varwidth.sty
Package: varwidth 2009/03/30 ver 0.92;  Variable-width minipages
\@vwid@box=\box124
\sift@deathcycles=\count343
\@vwid@loff=\dimen318
\@vwid@roff=\dimen319
))
(/usr/share/texmf-dist/tex/latex/beamer/beamerthemeCambridgeUS.sty
(/usr/share/texmf-dist/tex/latex/beamer/beamerinnerthemerounded.sty)
(/usr/share/texmf-dist/tex/latex/beamer/beamerouterthemeinfolines.sty)
(/usr/share/texmf-dist/tex/latex/beamer/beamercolorthemebeaver.sty))
(/usr/share/texmf-dist/tex/latex/beamer/beamercolorthemedolphin.sty)

Package hyperref Warning: Token not allowed in a PDF string (Unicode):
(hyperref)                removing `\\' on input line 34.


Package hyperref Warning: Token not allowed in a PDF string (Unicode):
(hyperref)                removing `\\' on input line 34.


Package hyperref Warning: Token not allowed in a PDF string (Unicode):
(hyperref)                removing `\\' on input line 34.


Package hyperref Warning: Token not allowed in a PDF string (Unicode):
(hyperref)                removing `\\' on input line 34.

(/usr/share/texmf-dist/tex/latex/l3backend/l3backend-pdftex.def
File: l3backend-pdftex.def 2021-03-18 L3 backend support: PDF output (pdfTeX)
\l__color_backend_stack_int=\count344
\l__pdf_internal_box=\box125
)
(./Instalacion.aux)
\openout1 = `Instalacion.aux'.

LaTeX Font Info:    Checking defaults for OML/cmm/m/it on input line 40.
LaTeX Font Info:    ... okay on input line 40.
LaTeX Font Info:    Checking defaults for OMS/cmsy/m/n on input line 40.
LaTeX Font Info:    ... okay on input line 40.
LaTeX Font Info:    Checking defaults for OT1/cmr/m/n on input line 40.
LaTeX Font Info:    ... okay on input line 40.
LaTeX Font Info:    Checking defaults for T1/cmr/m/n on input line 40.
LaTeX Font Info:    ... okay on input line 40.
LaTeX Font Info:    Checking defaults for TS1/cmr/m/n on input line 40.
LaTeX Font Info:    ... okay on input line 40.
LaTeX Font Info:    Checking defaults for OMX/cmex/m/n on input line 40.
LaTeX Font Info:    ... okay on input line 40.
LaTeX Font Info:    Checking defaults for U/cmr/m/n on input line 40.
LaTeX Font Info:    ... okay on input line 40.
LaTeX Font Info:    Checking defaults for PD1/pdf/m/n on input line 40.
LaTeX Font Info:    ... okay on input line 40.
LaTeX Font Info:    Checking defaults for PU/pdf/m/n on input line 40.
LaTeX Font Info:    ... okay on input line 40.

*geometry* driver: auto-detecting
*geometry* detected driver: pdftex
*geometry* verbose mode - [ preamble ] result:
* driver: pdftex
* paper: custom
* layout: <same size as paper>
* layoutoffset:(h,v)=(0.0pt,0.0pt)
* modes: includehead includefoot 
* h-part:(L,W,R)=(10.95003pt, 433.34402pt, 10.95003pt)
* v-part:(T,H,B)=(0.0pt, 256.0748pt, 0.0pt)
* \paperwidth=455.24408pt
* \paperheight=256.0748pt
* \textwidth=433.34402pt
* \textheight=227.62207pt
* \oddsidemargin=-61.31996pt
* \evensidemargin=-61.31996pt
* \topmargin=-72.26999pt
* \headheight=14.22636pt
* \headsep=0.0pt
* \topskip=11.0pt
* \footskip=14.22636pt
* \marginparwidth=4.0pt
* \marginparsep=10.0pt
* \columnsep=10.0pt
* \skip\footins=10.0pt plus 4.0pt minus 2.0pt
* \hoffset=0.0pt
* \voffset=0.0pt
* \mag=1000
* \@twocolumnfalse
* \@twosidefalse
* \@mparswitchfalse
* \@reversemarginfalse
* (1in=72.27pt=25.4mm, 1cm=28.453pt)

(/usr/share/texmf-dist/tex/context/base/mkii/supp-pdf.mkii
[Loading MPS to PDF converter (version 2006.09.02).]
\scratchcounter=\count345
\scratchdimen=\dimen320
\scratchbox=\box126
\nofMPsegments=\count346
\nofMParguments=\count347
\everyMPshowfont=\toks50
\MPscratchCnt=\count348
\MPscratchDim=\dimen321
\MPnumerator=\count349
\makeMPintoPDFobject=\count350
\everyMPtoPDFconversion=\toks51
) (/usr/share/texmf-dist/tex/latex/epstopdf-pkg/epstopdf-base.sty
Package: epstopdf-base 2020-01-24 v2.11 Base part for package epstopdf
Package epstopdf-base Info: Redefining graphics rule for `.eps' on input line 4
85.

(/usr/share/texmf-dist/tex/latex/latexconfig/epstopdf-sys.cfg
File: epstopdf-sys.cfg 2010/07/13 v1.3 Configuration of (r)epstopdf for TeX Liv
e
))
Package hyperref Info: Link coloring OFF on input line 40.

(/usr/share/texmf-dist/tex/latex/hyperref/nameref.sty
Package: nameref 2021-04-02 v2.47 Cross-referencing by name of section

(/usr/share/texmf-dist/tex/latex/refcount/refcount.sty
Package: refcount 2019/12/15 v3.6 Data extraction from label references (HO)
)
(/usr/share/texmf-dist/tex/generic/gettitlestring/gettitlestring.sty
Package: gettitlestring 2019/12/15 v1.6 Cleanup title references (HO)
)
\c@section@level=\count351
)
LaTeX Info: Redefining \ref on input line 40.
LaTeX Info: Redefining \pageref on input line 40.
LaTeX Info: Redefining \nameref on input line 40.

(./Instalacion.out) (./Instalacion.out)
\@outlinefile=\write5
\openout5 = `Instalacion.out'.

LaTeX Font Info:    Overwriting symbol font `operators' in version `normal'
(Font)                  OT1/cmr/m/n --> OT1/cmss/m/n on input line 40.
LaTeX Font Info:    Overwriting symbol font `operators' in version `bold'
(Font)                  OT1/cmr/bx/n --> OT1/cmss/b/n on input line 40.
\symnumbers=\mathgroup6
\sympureletters=\mathgroup7
LaTeX Font Info:    Overwriting math alphabet `\mathrm' in version `normal'
(Font)                  OT1/cmss/m/n --> OT1/cmr/m/n on input line 40.
LaTeX Font Info:    Redeclaring math alphabet \mathbf on input line 40.
LaTeX Font Info:    Overwriting math alphabet `\mathbf' in version `normal'
(Font)                  OT1/cmr/bx/n --> OT1/cmss/b/n on input line 40.
LaTeX Font Info:    Overwriting math alphabet `\mathbf' in version `bold'
(Font)                  OT1/cmr/bx/n --> OT1/cmss/b/n on input line 40.
LaTeX Font Info:    Redeclaring math alphabet \mathsf on input line 40.
LaTeX Font Info:    Overwriting math alphabet `\mathsf' in version `normal'
(Font)                  OT1/cmss/m/n --> OT1/cmss/m/n on input line 40.
LaTeX Font Info:    Overwriting math alphabet `\mathsf' in version `bold'
(Font)                  OT1/cmss/bx/n --> OT1/cmss/m/n on input line 40.
LaTeX Font Info:    Redeclaring math alphabet \mathit on input line 40.
LaTeX Font Info:    Overwriting math alphabet `\mathit' in version `normal'
(Font)                  OT1/cmr/m/it --> OT1/cmss/m/it on input line 40.
LaTeX Font Info:    Overwriting math alphabet `\mathit' in version `bold'
(Font)                  OT1/cmr/bx/it --> OT1/cmss/m/it on input line 40.
LaTeX Font Info:    Redeclaring math alphabet \mathtt on input line 40.
LaTeX Font Info:    Overwriting math alphabet `\mathtt' in version `normal'
(Font)                  OT1/cmtt/m/n --> OT1/cmtt/m/n on input line 40.
LaTeX Font Info:    Overwriting math alphabet `\mathtt' in version `bold'
(Font)                  OT1/cmtt/m/n --> OT1/cmtt/m/n on input line 40.
LaTeX Font Info:    Overwriting symbol font `numbers' in version `bold'
(Font)                  OT1/cmss/m/n --> OT1/cmss/b/n on input line 40.
LaTeX Font Info:    Overwriting symbol font `pureletters' in version `bold'
(Font)                  OT1/cmss/m/it --> OT1/cmss/b/it on input line 40.
LaTeX Font Info:    Overwriting math alphabet `\mathrm' in version `bold'
(Font)                  OT1/cmss/b/n --> OT1/cmr/b/n on input line 40.
LaTeX Font Info:    Overwriting math alphabet `\mathbf' in version `bold'
(Font)                  OT1/cmss/b/n --> OT1/cmss/b/n on input line 40.
LaTeX Font Info:    Overwriting math alphabet `\mathsf' in version `bold'
(Font)                  OT1/cmss/m/n --> OT1/cmss/b/n on input line 40.
LaTeX Font Info:    Overwriting math alphabet `\mathit' in version `bold'
(Font)                  OT1/cmss/m/it --> OT1/cmss/b/it on input line 40.
LaTeX Font Info:    Overwriting math alphabet `\mathtt' in version `bold'
(Font)                  OT1/cmtt/m/n --> OT1/cmtt/b/n on input line 40.
LaTeX Font Info:    Redeclaring symbol font `pureletters' on input line 40.
LaTeX Font Info:    Overwriting symbol font `pureletters' in version `normal'
(Font)                  OT1/cmss/m/it --> OT1/mathkerncmss/m/sl on input line 4
0.
LaTeX Font Info:    Overwriting symbol font `pureletters' in version `bold'
(Font)                  OT1/cmss/b/it --> OT1/mathkerncmss/m/sl on input line 4
0.
LaTeX Font Info:    Overwriting symbol font `pureletters' in version `bold'
(Font)                  OT1/mathkerncmss/m/sl --> OT1/mathkerncmss/bx/sl on inp
ut line 40.

(/usr/share/texmf-dist/tex/latex/translator/translator-basic-dictionary-English
.dict
Dictionary: translator-basic-dictionary, Language: English 
)
(/usr/share/texmf-dist/tex/latex/translator/translator-bibliography-dictionary-
English.dict
Dictionary: translator-bibliography-dictionary, Language: English 
)
(/usr/share/texmf-dist/tex/latex/translator/translator-environment-dictionary-E
nglish.dict
Dictionary: translator-environment-dictionary, Language: English 
)
(/usr/share/texmf-dist/tex/latex/translator/translator-months-dictionary-Englis
h.dict
Dictionary: translator-months-dictionary, Language: English 
)
(/usr/share/texmf-dist/tex/latex/translator/translator-numbers-dictionary-Engli
sh.dict
Dictionary: translator-numbers-dictionary, Language: English 
)
(/usr/share/texmf-dist/tex/latex/translator/translator-theorem-dictionary-Engli
sh.dict
Dictionary: translator-theorem-dictionary, Language: English 
) (./Instalacion.nav)
<./images//IoTCanvas.jpg, id=150, 481.8pt x 361.35pt>
File: ./images//IoTCanvas.jpg Graphic file (type jpg)
<use ./images//IoTCanvas.jpg>
Package pdftex.def Info: ./images//IoTCanvas.jpg  used on input line 49.
(pdftex.def)             Requested size: 455.2593pt x 256.07509pt.
 [1

{/var/lib/texmf/fonts/map/pdftex/updmap/pdftex.map} <./images//IoTCanvas.jpg>] 
(./Instalacion.toc)
<./images//canvasLectura3.jpg, id=214, 691.08188pt x 613.54219pt>
File: ./images//canvasLectura3.jpg Graphic file (type jpg)
<use ./images//canvasLectura3.jpg>
Package pdftex.def Info: ./images//canvasLectura3.jpg  used on input line 57.
(pdftex.def)             Requested size: 455.25075pt x 256.07571pt.
 [2

 <./images//canvasLectura3.jpg>] (./Instalacion.toc)
File: ./images//canvasLectura3.jpg Graphic file (type jpg)
<use ./images//canvasLectura3.jpg>
Package pdftex.def Info: ./images//canvasLectura3.jpg  used on input line 65.
(pdftex.def)             Requested size: 455.25075pt x 256.07571pt.
 [3

]
File: ./images//canvasLectura3.jpg Graphic file (type jpg)
<use ./images//canvasLectura3.jpg>
Package pdftex.def Info: ./images//canvasLectura3.jpg  used on input line 76.
(pdftex.def)             Requested size: 455.25075pt x 256.07571pt.
 [4

]
File: ./images//canvasLectura3.jpg Graphic file (type jpg)
<use ./images//canvasLectura3.jpg>
Package pdftex.def Info: ./images//canvasLectura3.jpg  used on input line 84.
(pdftex.def)             Requested size: 455.25075pt x 256.07571pt.
 [5

]
<./images//linux.png, id=365, 1003.75pt x 1164.35pt>
File: ./images//linux.png Graphic file (type png)
<use ./images//linux.png>
Package pdftex.def Info: ./images//linux.png  used on input line 97.
(pdftex.def)             Requested size: 49.04173pt x 56.9055pt.
<./images//mac.png, id=367, 519.9425pt x 519.9425pt>
File: ./images//mac.png Graphic file (type png)
<use ./images//mac.png>
Package pdftex.def Info: ./images//mac.png  used on input line 97.
(pdftex.def)             Requested size: 56.9003pt x 56.9055pt.
<./images//windows.png, id=368, 703.12688pt x 770.88pt>
File: ./images//windows.png Graphic file (type png)
<use ./images//windows.png>
Package pdftex.def Info: ./images//windows.png  used on input line 97.
(pdftex.def)             Requested size: 51.89539pt x 56.9055pt.
File: ./images//canvasLectura3.jpg Graphic file (type jpg)
<use ./images//canvasLectura3.jpg>
Package pdftex.def Info: ./images//canvasLectura3.jpg  used on input line 97.
(pdftex.def)             Requested size: 455.25075pt x 256.07571pt.
 [6

 <./images//linux.png> <./images//mac.png> <./images//windows.png>]
LaTeX Font Info:    Trying to load font information for U+msa on input line 109
.
 (/usr/share/texmf-dist/tex/latex/amsfonts/umsa.fd
File: umsa.fd 2013/01/14 v3.01 AMS symbols A
)
LaTeX Font Info:    Trying to load font information for U+msb on input line 109
.
 (/usr/share/texmf-dist/tex/latex/amsfonts/umsb.fd
File: umsb.fd 2013/01/14 v3.01 AMS symbols B
)
LaTeX Font Info:    Trying to load font information for OT1+mathkerncmss on inp
ut line 109.

(/usr/share/texmf-dist/tex/latex/sansmathaccent/ot1mathkerncmss.fd
File: ot1mathkerncmss.fd 2020/01/31 Fontinst v1.933 font definitions for OT1/ma
thkerncmss.
)
<./images//openjdk.png, id=400, 1927.2pt x 525.965pt>
File: ./images//openjdk.png Graphic file (type png)
<use ./images//openjdk.png>
Package pdftex.def Info: ./images//openjdk.png  used on input line 109.
(pdftex.def)             Requested size: 208.49326pt x 56.9055pt.
File: ./images//canvasLectura3.jpg Graphic file (type jpg)
<use ./images//canvasLectura3.jpg>
Package pdftex.def Info: ./images//canvasLectura3.jpg  used on input line 109.
(pdftex.def)             Requested size: 455.25075pt x 256.07571pt.
 [7

 <./images//openjdk.png>]
<./images//maven.png, id=432, 1927.2pt x 487.8225pt>
File: ./images//maven.png Graphic file (type png)
<use ./images//maven.png>
Package pdftex.def Info: ./images//maven.png  used on input line 121.
(pdftex.def)             Requested size: 112.39227pt x 28.45274pt.
File: ./images//canvasLectura3.jpg Graphic file (type jpg)
<use ./images//canvasLectura3.jpg>
Package pdftex.def Info: ./images//canvasLectura3.jpg  used on input line 121.
(pdftex.def)             Requested size: 455.25075pt x 256.07571pt.
 [8

 <./images//maven.png>]
<./images//ant.png, id=463, 1927.2pt x 1193.45876pt>
File: ./images//ant.png Graphic file (type png)
<use ./images//ant.png>
Package pdftex.def Info: ./images//ant.png  used on input line 133.
(pdftex.def)             Requested size: 91.86642pt x 56.9055pt.
File: ./images//canvasLectura3.jpg Graphic file (type jpg)
<use ./images//canvasLectura3.jpg>
Package pdftex.def Info: ./images//canvasLectura3.jpg  used on input line 133.
(pdftex.def)             Requested size: 455.25075pt x 256.07571pt.
 [9

 <./images//ant.png>]
<./images//database.jpg, id=494, 746.5491pt x 482.2818pt>
File: ./images//database.jpg Graphic file (type jpg)
<use ./images//database.jpg>
Package pdftex.def Info: ./images//database.jpg  used on input line 147.
(pdftex.def)             Requested size: 132.12892pt x 85.35826pt.
File: ./images//canvasLectura3.jpg Graphic file (type jpg)
<use ./images//canvasLectura3.jpg>
Package pdftex.def Info: ./images//canvasLectura3.jpg  used on input line 147.
(pdftex.def)             Requested size: 455.25075pt x 256.07571pt.
 [10

 <./images//database.jpg>]
<./images//postgre.png, id=523, 1027.84pt x 513.92pt>
File: ./images//postgre.png Graphic file (type png)
<use ./images//postgre.png>
Package pdftex.def Info: ./images//postgre.png  used on input line 159.
(pdftex.def)             Requested size: 113.79987pt x 56.9055pt.
File: ./images//canvasLectura3.jpg Graphic file (type jpg)
<use ./images//canvasLectura3.jpg>
Package pdftex.def Info: ./images//canvasLectura3.jpg  used on input line 159.
(pdftex.def)             Requested size: 455.25075pt x 256.07571pt.
 [11

 <./images//postgre.png>]
<./images//oracle.png, id=555, 1968.35374pt x 1075.01625pt>
File: ./images//oracle.png Graphic file (type png)
<use ./images//oracle.png>
Package pdftex.def Info: ./images//oracle.png  used on input line 171.
(pdftex.def)             Requested size: 104.1901pt x 56.9055pt.
File: ./images//canvasLectura3.jpg Graphic file (type jpg)
<use ./images//canvasLectura3.jpg>
Package pdftex.def Info: ./images//canvasLectura3.jpg  used on input line 171.
(pdftex.def)             Requested size: 455.25075pt x 256.07571pt.
 [12

 <./images//oracle.png>]
<./images//solr.png, id=586, 1272.35916pt x 643.05032pt>
File: ./images//solr.png Graphic file (type png)
<use ./images//solr.png>
Package pdftex.def Info: ./images//solr.png  used on input line 183.
(pdftex.def)             Requested size: 112.58533pt x 56.9055pt.
File: ./images//canvasLectura3.jpg Graphic file (type jpg)
<use ./images//canvasLectura3.jpg>
Package pdftex.def Info: ./images//canvasLectura3.jpg  used on input line 183.
(pdftex.def)             Requested size: 455.25075pt x 256.07571pt.

[13

 <./images//solr.png>]
<./images//tomcat.png, id=617, 1284.8pt x 909.3975pt>
File: ./images//tomcat.png Graphic file (type png)
<use ./images//tomcat.png>
Package pdftex.def Info: ./images//tomcat.png  used on input line 195.
(pdftex.def)             Requested size: 80.37822pt x 56.9055pt.
File: ./images//canvasLectura3.jpg Graphic file (type jpg)
<use ./images//canvasLectura3.jpg>
Package pdftex.def Info: ./images//canvasLectura3.jpg  used on input line 195.
(pdftex.def)             Requested size: 455.25075pt x 256.07571pt.
 [14

 <./images//tomcat.png>]
File: ./images//canvasLectura3.jpg Graphic file (type jpg)
<use ./images//canvasLectura3.jpg>
Package pdftex.def Info: ./images//canvasLectura3.jpg  used on input line 203.
(pdftex.def)             Requested size: 455.25075pt x 256.07571pt.
 [15

]
File: ./images//canvasLectura3.jpg Graphic file (type jpg)
<use ./images//canvasLectura3.jpg>
Package pdftex.def Info: ./images//canvasLectura3.jpg  used on input line 213.
(pdftex.def)             Requested size: 455.25075pt x 256.07571pt.
 [16

]
File: ./images//canvasLectura3.jpg Graphic file (type jpg)
<use ./images//canvasLectura3.jpg>
Package pdftex.def Info: ./images//canvasLectura3.jpg  used on input line 225.
(pdftex.def)             Requested size: 455.25075pt x 256.07571pt.
 [17

]
File: ./images//canvasLectura3.jpg Graphic file (type jpg)
<use ./images//canvasLectura3.jpg>
Package pdftex.def Info: ./images//canvasLectura3.jpg  used on input line 243.
(pdftex.def)             Requested size: 455.25075pt x 256.07571pt.
 [18

]
File: ./images//canvasLectura3.jpg Graphic file (type jpg)
<use ./images//canvasLectura3.jpg>
Package pdftex.def Info: ./images//canvasLectura3.jpg  used on input line 254.
(pdftex.def)             Requested size: 455.25075pt x 256.07571pt.

[19

]
File: ./images//canvasLectura3.jpg Graphic file (type jpg)
<use ./images//canvasLectura3.jpg>
Package pdftex.def Info: ./images//canvasLectura3.jpg  used on input line 265.
(pdftex.def)             Requested size: 455.25075pt x 256.07571pt.
 [20

]
File: ./images//canvasLectura3.jpg Graphic file (type jpg)
<use ./images//canvasLectura3.jpg>
Package pdftex.def Info: ./images//canvasLectura3.jpg  used on input line 277.
(pdftex.def)             Requested size: 455.25075pt x 256.07571pt.
 [21

]
File: ./images//canvasLectura3.jpg Graphic file (type jpg)
<use ./images//canvasLectura3.jpg>
Package pdftex.def Info: ./images//canvasLectura3.jpg  used on input line 294.
(pdftex.def)             Requested size: 455.25075pt x 256.07571pt.
 [22

]
File: ./images//canvasLectura3.jpg Graphic file (type jpg)
<use ./images//canvasLectura3.jpg>
Package pdftex.def Info: ./images//canvasLectura3.jpg  used on input line 304.
(pdftex.def)             Requested size: 455.25075pt x 256.07571pt.
 [23

]
File: ./images//canvasLectura3.jpg Graphic file (type jpg)
<use ./images//canvasLectura3.jpg>
Package pdftex.def Info: ./images//canvasLectura3.jpg  used on input line 316.
(pdftex.def)             Requested size: 455.25075pt x 256.07571pt.
 [24

]
File: ./images//canvasLectura3.jpg Graphic file (type jpg)
<use ./images//canvasLectura3.jpg>
Package pdftex.def Info: ./images//canvasLectura3.jpg  used on input line 328.
(pdftex.def)             Requested size: 455.25075pt x 256.07571pt.
 [25

]
File: ./images//canvasLectura3.jpg Graphic file (type jpg)
<use ./images//canvasLectura3.jpg>
Package pdftex.def Info: ./images//canvasLectura3.jpg  used on input line 339.
(pdftex.def)             Requested size: 455.25075pt x 256.07571pt.
 [26

]
File: ./images//canvasLectura3.jpg Graphic file (type jpg)
<use ./images//canvasLectura3.jpg>
Package pdftex.def Info: ./images//canvasLectura3.jpg  used on input line 356.
(pdftex.def)             Requested size: 455.25075pt x 256.07571pt.
 [27

]
File: ./images//canvasLectura3.jpg Graphic file (type jpg)
<use ./images//canvasLectura3.jpg>
Package pdftex.def Info: ./images//canvasLectura3.jpg  used on input line 370.
(pdftex.def)             Requested size: 455.25075pt x 256.07571pt.
 [28

]
File: ./images//canvasLectura3.jpg Graphic file (type jpg)
<use ./images//canvasLectura3.jpg>
Package pdftex.def Info: ./images//canvasLectura3.jpg  used on input line 389.
(pdftex.def)             Requested size: 455.25075pt x 256.07571pt.
 [29

]
File: ./images//canvasLectura3.jpg Graphic file (type jpg)
<use ./images//canvasLectura3.jpg>
Package pdftex.def Info: ./images//canvasLectura3.jpg  used on input line 401.
(pdftex.def)             Requested size: 455.25075pt x 256.07571pt.
 [30

]
File: ./images//canvasLectura3.jpg Graphic file (type jpg)
<use ./images//canvasLectura3.jpg>
Package pdftex.def Info: ./images//canvasLectura3.jpg  used on input line 418.
(pdftex.def)             Requested size: 455.25075pt x 256.07571pt.
 [31

]
File: ./images//canvasLectura3.jpg Graphic file (type jpg)
<use ./images//canvasLectura3.jpg>
Package pdftex.def Info: ./images//canvasLectura3.jpg  used on input line 437.
(pdftex.def)             Requested size: 455.25075pt x 256.07571pt.
 [32

]
File: ./images//canvasLectura3.jpg Graphic file (type jpg)
<use ./images//canvasLectura3.jpg>
Package pdftex.def Info: ./images//canvasLectura3.jpg  used on input line 455.
(pdftex.def)             Requested size: 455.25075pt x 256.07571pt.
 [33

]
File: ./images//canvasLectura3.jpg Graphic file (type jpg)
<use ./images//canvasLectura3.jpg>
Package pdftex.def Info: ./images//canvasLectura3.jpg  used on input line 462.
(pdftex.def)             Requested size: 455.25075pt x 256.07571pt.

[34

]
File: ./images//canvasLectura3.jpg Graphic file (type jpg)
<use ./images//canvasLectura3.jpg>
Package pdftex.def Info: ./images//canvasLectura3.jpg  used on input line 474.
(pdftex.def)             Requested size: 455.25075pt x 256.07571pt.
 [35

]
File: ./images//canvasLectura3.jpg Graphic file (type jpg)
<use ./images//canvasLectura3.jpg>
Package pdftex.def Info: ./images//canvasLectura3.jpg  used on input line 492.
(pdftex.def)             Requested size: 455.25075pt x 256.07571pt.
 [36

]
File: ./images//canvasLectura3.jpg Graphic file (type jpg)
<use ./images//canvasLectura3.jpg>
Package pdftex.def Info: ./images//canvasLectura3.jpg  used on input line 502.
(pdftex.def)             Requested size: 455.25075pt x 256.07571pt.
 [37

]
File: ./images//canvasLectura3.jpg Graphic file (type jpg)
<use ./images//canvasLectura3.jpg>
Package pdftex.def Info: ./images//canvasLectura3.jpg  used on input line 517.
(pdftex.def)             Requested size: 455.25075pt x 256.07571pt.
 [38

]
File: ./images//canvasLectura3.jpg Graphic file (type jpg)
<use ./images//canvasLectura3.jpg>
Package pdftex.def Info: ./images//canvasLectura3.jpg  used on input line 528.
(pdftex.def)             Requested size: 455.25075pt x 256.07571pt.
 [39

]
File: ./images//canvasLectura3.jpg Graphic file (type jpg)
<use ./images//canvasLectura3.jpg>
Package pdftex.def Info: ./images//canvasLectura3.jpg  used on input line 545.
(pdftex.def)             Requested size: 455.25075pt x 256.07571pt.
 [40

]
File: ./images//canvasLectura3.jpg Graphic file (type jpg)
<use ./images//canvasLectura3.jpg>
Package pdftex.def Info: ./images//canvasLectura3.jpg  used on input line 553.
(pdftex.def)             Requested size: 455.25075pt x 256.07571pt.
 [41

]
<./images//node.png, id=1648, 3011.25pt x 2007.5pt>
File: ./images//node.png Graphic file (type png)
<use ./images//node.png>
Package pdftex.def Info: ./images//node.png  used on input line 565.
(pdftex.def)             Requested size: 128.0109pt x 85.35826pt.
File: ./images//canvasLectura3.jpg Graphic file (type jpg)
<use ./images//canvasLectura3.jpg>
Package pdftex.def Info: ./images//canvasLectura3.jpg  used on input line 565.
(pdftex.def)             Requested size: 455.25075pt x 256.07571pt.
 [42

 <./images//node.png>]
<./images//yarn.png, id=1686, 602.25pt x 270.00874pt>
File: ./images//yarn.png Graphic file (type png)
<use ./images//yarn.png>
Package pdftex.def Info: ./images//yarn.png  used on input line 581.
(pdftex.def)             Requested size: 126.92651pt x 56.9055pt.
File: ./images//canvasLectura3.jpg Graphic file (type jpg)
<use ./images//canvasLectura3.jpg>
Package pdftex.def Info: ./images//canvasLectura3.jpg  used on input line 581.
(pdftex.def)             Requested size: 455.25075pt x 256.07571pt.
 [43

 <./images//yarn.png>]
<./images//pm2.png, id=1726, 6161.0175pt x 1498.59875pt>
File: ./images//pm2.png Graphic file (type png)
<use ./images//pm2.png>
Package pdftex.def Info: ./images//pm2.png  used on input line 596.
(pdftex.def)             Requested size: 233.89548pt x 56.9055pt.
File: ./images//canvasLectura3.jpg Graphic file (type jpg)
<use ./images//canvasLectura3.jpg>
Package pdftex.def Info: ./images//canvasLectura3.jpg  used on input line 596.
(pdftex.def)             Requested size: 455.25075pt x 256.07571pt.
 [44

 <./images//pm2.png>]
File: ./images//canvasLectura3.jpg Graphic file (type jpg)
<use ./images//canvasLectura3.jpg>
Package pdftex.def Info: ./images//canvasLectura3.jpg  used on input line 604.
(pdftex.def)             Requested size: 455.25075pt x 256.07571pt.
 [45

]
File: ./images//canvasLectura3.jpg Graphic file (type jpg)
<use ./images//canvasLectura3.jpg>
Package pdftex.def Info: ./images//canvasLectura3.jpg  used on input line 618.
(pdftex.def)             Requested size: 455.25075pt x 256.07571pt.
 [46

]
File: ./images//canvasLectura3.jpg Graphic file (type jpg)
<use ./images//canvasLectura3.jpg>
Package pdftex.def Info: ./images//canvasLectura3.jpg  used on input line 628.
(pdftex.def)             Requested size: 455.25075pt x 256.07571pt.
 [47

]
LaTeX Font Info:    Trying to load font information for OMS+cmss on input line 
643.
LaTeX Font Info:    No file OMScmss.fd. on input line 643.


LaTeX Font Warning: Font shape `OMS/cmss/m/n' undefined
(Font)              using `OMS/cmsy/m/n' instead
(Font)              for symbol `textbraceleft' on input line 643.

File: ./images//canvasLectura3.jpg Graphic file (type jpg)
<use ./images//canvasLectura3.jpg>
Package pdftex.def Info: ./images//canvasLectura3.jpg  used on input line 643.
(pdftex.def)             Requested size: 455.25075pt x 256.07571pt.
[48

]
File: ./images//canvasLectura3.jpg Graphic file (type jpg)
<use ./images//canvasLectura3.jpg>
Package pdftex.def Info: ./images//canvasLectura3.jpg  used on input line 658.
(pdftex.def)             Requested size: 455.25075pt x 256.07571pt.
 [49

]
File: ./images//canvasLectura3.jpg Graphic file (type jpg)
<use ./images//canvasLectura3.jpg>
Package pdftex.def Info: ./images//canvasLectura3.jpg  used on input line 673.
(pdftex.def)             Requested size: 455.25075pt x 256.07571pt.
 [50

]
File: ./images//canvasLectura3.jpg Graphic file (type jpg)
<use ./images//canvasLectura3.jpg>
Package pdftex.def Info: ./images//canvasLectura3.jpg  used on input line 691.
(pdftex.def)             Requested size: 455.25075pt x 256.07571pt.
 [51

]
File: ./images//canvasLectura3.jpg Graphic file (type jpg)
<use ./images//canvasLectura3.jpg>
Package pdftex.def Info: ./images//canvasLectura3.jpg  used on input line 705.
(pdftex.def)             Requested size: 455.25075pt x 256.07571pt.
 [52

]
File: ./images//canvasLectura3.jpg Graphic file (type jpg)
<use ./images//canvasLectura3.jpg>
Package pdftex.def Info: ./images//canvasLectura3.jpg  used on input line 714.
(pdftex.def)             Requested size: 455.25075pt x 256.07571pt.
 [53

]
File: ./images//canvasLectura3.jpg Graphic file (type jpg)
<use ./images//canvasLectura3.jpg>
Package pdftex.def Info: ./images//canvasLectura3.jpg  used on input line 733.
(pdftex.def)             Requested size: 455.25075pt x 256.07571pt.
 [54

]
\tf@nav=\write6
\openout6 = `Instalacion.nav'.

\tf@toc=\write7
\openout7 = `Instalacion.toc'.

\tf@snm=\write8
\openout8 = `Instalacion.snm'.

 (./Instalacion.aux)

LaTeX Font Warning: Some font shapes were not available, defaults substituted.

Package rerunfilecheck Info: File `Instalacion.out' has not changed.
(rerunfilecheck)             Checksum: A01F47CA36774580B4F257ABEF4C23D7;5395.
 ) 
Here is how much of TeX's memory you used:
 25556 strings out of 478994
 485019 string characters out of 5864751
 795127 words of memory out of 5000000
 42324 multiletter control sequences out of 15000+600000
 416516 words of font info for 74 fonts, out of 8000000 for 9000
 1141 hyphenation exceptions out of 8191
 131i,16n,132p,415b,925s stack positions out of 5000i,500n,10000p,200000b,80000s
</usr/share/texmf-dist/fonts/type1/public/amsfonts/cm/cmmi10.pfb></usr/share/
texmf-dist/fonts/type1/public/amsfonts/cm/cmss10.pfb></usr/share/texmf-dist/fon
ts/type1/public/amsfonts/cm/cmss12.pfb></usr/share/texmf-dist/fonts/type1/publi
c/amsfonts/cm/cmss8.pfb></usr/share/texmf-dist/fonts/type1/public/amsfonts/cm/c
mss9.pfb></usr/share/texmf-dist/fonts/type1/public/amsfonts/cm/cmssbx10.pfb></u
sr/share/texmf-dist/fonts/type1/public/amsfonts/cm/cmssi10.pfb></usr/share/texm
f-dist/fonts/type1/public/amsfonts/cm/cmsy10.pfb></usr/share/texmf-dist/fonts/t
ype1/public/amsfonts/cm/cmtt10.pfb>
Output written on Instalacion.pdf (54 pages, 2281457 bytes).
PDF statistics:
 2173 PDF objects out of 2487 (max. 8388607)
 1881 compressed objects within 19 object streams
 145 named destinations out of 1000 (max. 500000)
 1427 words of extra memory for PDF output out of 10000 (max. 10000000)

